<?xml version="1.0" encoding="UTF-8"?>
<testng-results ignored="0" total="2" passed="2" failed="0" skipped="0">
  <reporter-output>
  </reporter-output>
  <suite started-at="2019-11-07T15:13:01Z" name="Default suite" finished-at="2019-11-07T15:13:23Z" duration-ms="22052">
    <groups>
    </groups>
    <test started-at="2019-11-07T15:13:01Z" name="Default test" finished-at="2019-11-07T15:13:23Z" duration-ms="22052">
      <class name="com.atmecs.testscripts.HomePage">
        <test-method signature="setup()[pri:1, instance:com.atmecs.testscripts.HomePage@28eaa59a]" started-at="2019-11-07T15:13:01Z" name="setup" finished-at="2019-11-07T15:13:18Z" duration-ms="16363" status="PASS">
          <reporter-output>
          </reporter-output>
        </test-method> <!-- setup -->
        <test-method signature="homePage()[pri:2, instance:com.atmecs.testscripts.HomePage@28eaa59a]" started-at="2019-11-07T15:13:18Z" name="homePage" finished-at="2019-11-07T15:13:23Z" duration-ms="5653" status="PASS">
          <reporter-output>
          </reporter-output>
        </test-method> <!-- homePage -->
      </class> <!-- com.atmecs.testscripts.HomePage -->
    </test> <!-- Default test -->
  </suite> <!-- Default suite -->
</testng-results>
